# JRE version: Java(TM) SE Runtime Environment (8.0_05-b13) (build 1.8.0_05-b13)
# Java VM: Java HotSpot(TM) 64-Bit Server VM (25.5-b02 mixed mode linux-amd64 compressed oops)
Heap:
 def new generation   total 54528K, used 22234K [0x00000000a2400000, 0x00000000a5f20000, 0x00000000c1800000)
  eden space 48512K,  37% used [0x00000000a2400000, 0x00000000a35eb398, 0x00000000a5360000)
  from space 6016K,  64% used [0x00000000a5360000, 0x00000000a572b770, 0x00000000a5940000)
  to   space 6016K,   0% used [0x00000000a5940000, 0x00000000a5940000, 0x00000000a5f20000)
 tenured generation   total 120944K, used 110191K [0x00000000c1800000, 0x00000000c8e1c000, 0x0000000100000000)
   the space 120944K,  91% used [0x00000000c1800000, 0x00000000c839bdd8, 0x00000000c839be00, 0x00000000c8e1c000)
 Metaspace       used 60644K, capacity 62134K, committed 62512K, reserved 1103872K
  class space    used 7836K, capacity 8161K, committed 8240K, reserved 1048576K
GC Heap History (10 events):
Event: 223.477 GC heap before
{Heap before GC invocations=446 (full 5):
 def new generation   total 54528K, used 48587K [0x00000000a2400000, 0x00000000a5f20000, 0x00000000c1800000)
  eden space 48512K, 100% used [0x00000000a2400000, 0x00000000a5360000, 0x00000000a5360000)
  from space 6016K,   1% used [0x00000000a5940000, 0x00000000a5952ea8, 0x00000000a5f20000)
  to   space 6016K,   0% used [0x00000000a5360000, 0x00000000a5360000, 0x00000000a5940000)
 tenured generation   total 120944K, used 109961K [0x00000000c1800000, 0x00000000c8e1c000, 0x0000000100000000)
   the space 120944K,  90% used [0x00000000c1800000, 0x00000000c8362670, 0x00000000c8362800, 0x00000000c8e1c000)
 Metaspace       used 60497K, capacity 62006K, committed 62256K, reserved 1103872K
  class space    used 7831K, capacity 8161K, committed 8240K, reserved 1048576K
Event: 223.482 GC heap after
Heap after GC invocations=447 (full 5):
 def new generation   total 54528K, used 44K [0x00000000a2400000, 0x00000000a5f20000, 0x00000000c1800000)
  eden space 48512K,   0% used [0x00000000a2400000, 0x00000000a2400000, 0x00000000a5360000)
  from space 6016K,   0% used [0x00000000a5360000, 0x00000000a536b3e8, 0x00000000a5940000)
  to   space 6016K,   0% used [0x00000000a5940000, 0x00000000a5940000, 0x00000000a5f20000)
 tenured generation   total 120944K, used 109970K [0x00000000c1800000, 0x00000000c8e1c000, 0x0000000100000000)
   the space 120944K,  90% used [0x00000000c1800000, 0x00000000c8364ac0, 0x00000000c8364c00, 0x00000000c8e1c000)
 Metaspace       used 60497K, capacity 62006K, committed 62256K, reserved 1103872K
  class space    used 7831K, capacity 8161K, committed 8240K, reserved 1048576K
}
Event: 224.744 GC heap before
{Heap before GC invocations=447 (full 5):
 def new generation   total 54528K, used 48556K [0x00000000a2400000, 0x00000000a5f20000, 0x00000000c1800000)
  eden space 48512K, 100% used [0x00000000a2400000, 0x00000000a5360000, 0x00000000a5360000)
  from space 6016K,   0% used [0x00000000a5360000, 0x00000000a536b3e8, 0x00000000a5940000)
  to   space 6016K,   0% used [0x00000000a5940000, 0x00000000a5940000, 0x00000000a5f20000)
 tenured generation   total 120944K, used 109970K [0x00000000c1800000, 0x00000000c8e1c000, 0x0000000100000000)
   the space 120944K,  90% used [0x00000000c1800000, 0x00000000c8364ac0, 0x00000000c8364c00, 0x00000000c8e1c000)
 Metaspace       used 60497K, capacity 62006K, committed 62256K, reserved 1103872K
  class space    used 7831K, capacity 8161K, committed 8240K, reserved 1048576K
Event: 224.747 GC heap after
Heap after GC invocations=448 (full 5):
 def new generation   total 54528K, used 2222K [0x00000000a2400000, 0x00000000a5f20000, 0x00000000c1800000)
  eden space 48512K,   0% used [0x00000000a2400000, 0x00000000a2400000, 0x00000000a5360000)
  from space 6016K,  36% used [0x00000000a5940000, 0x00000000a5b6ba00, 0x00000000a5f20000)
  to   space 6016K,   0% used [0x00000000a5360000, 0x00000000a5360000, 0x00000000a5940000)
 tenured generation   total 120944K, used 109984K [0x00000000c1800000, 0x00000000c8e1c000, 0x0000000100000000)
   the space 120944K,  90% used [0x00000000c1800000, 0x00000000c83680f0, 0x00000000c8368200, 0x00000000c8e1c000)
 Metaspace       used 60497K, capacity 62006K, committed 62256K, reserved 1103872K
  class space    used 7831K, capacity 8161K, committed 8240K, reserved 1048576K
}
Event: 241.835 GC heap before
{Heap before GC invocations=448 (full 5):
 def new generation   total 54528K, used 50734K [0x00000000a2400000, 0x00000000a5f20000, 0x00000000c1800000)
  eden space 48512K, 100% used [0x00000000a2400000, 0x00000000a5360000, 0x00000000a5360000)
  from space 6016K,  36% used [0x00000000a5940000, 0x00000000a5b6ba00, 0x00000000a5f20000)
  to   space 6016K,   0% used [0x00000000a5360000, 0x00000000a5360000, 0x00000000a5940000)
 tenured generation   total 120944K, used 109984K [0x00000000c1800000, 0x00000000c8e1c000, 0x0000000100000000)
   the space 120944K,  90% used [0x00000000c1800000, 0x00000000c83680f0, 0x00000000c8368200, 0x00000000c8e1c000)
 Metaspace       used 60543K, capacity 62006K, committed 62256K, reserved 1103872K
  class space    used 7833K, capacity 8161K, committed 8240K, reserved 1048576K
Event: 241.839 GC heap after
Heap after GC invocations=449 (full 5):
 def new generation   total 54528K, used 2466K [0x00000000a2400000, 0x00000000a5f20000, 0x00000000c1800000)
  eden space 48512K,   0% used [0x00000000a2400000, 0x00000000a2400000, 0x00000000a5360000)
  from space 6016K,  41% used [0x00000000a5360000, 0x00000000a55c8b60, 0x00000000a5940000)
  to   space 6016K,   0% used [0x00000000a5940000, 0x00000000a5940000, 0x00000000a5f20000)
 tenured generation   total 120944K, used 109985K [0x00000000c1800000, 0x00000000c8e1c000, 0x0000000100000000)
   the space 120944K,  90% used [0x00000000c1800000, 0x00000000c83685c8, 0x00000000c8368600, 0x00000000c8e1c000)
 Metaspace       used 60543K, capacity 62006K, committed 62256K, reserved 1103872K
  class space    used 7833K, capacity 8161K, committed 8240K, reserved 1048576K
}
Event: 258.221 GC heap before
{Heap before GC invocations=449 (full 5):
 def new generation   total 54528K, used 50978K [0x00000000a2400000, 0x00000000a5f20000, 0x00000000c1800000)
  eden space 48512K, 100% used [0x00000000a2400000, 0x00000000a5360000, 0x00000000a5360000)
  from space 6016K,  41% used [0x00000000a5360000, 0x00000000a55c8b60, 0x00000000a5940000)
  to   space 6016K,   0% used [0x00000000a5940000, 0x00000000a5940000, 0x00000000a5f20000)
 tenured generation   total 120944K, used 109985K [0x00000000c1800000, 0x00000000c8e1c000, 0x0000000100000000)
   the space 120944K,  90% used [0x00000000c1800000, 0x00000000c83685c8, 0x00000000c8368600, 0x00000000c8e1c000)
 Metaspace       used 60593K, capacity 62070K, committed 62256K, reserved 1103872K
  class space    used 7834K, capacity 8161K, committed 8240K, reserved 1048576K
Event: 258.226 GC heap after
Heap after GC invocations=450 (full 5):
 def new generation   total 54528K, used 3285K [0x00000000a2400000, 0x00000000a5f20000, 0x00000000c1800000)
  eden space 48512K,   0% used [0x00000000a2400000, 0x00000000a2400000, 0x00000000a5360000)
  from space 6016K,  54% used [0x00000000a5940000, 0x00000000a5c75568, 0x00000000a5f20000)
  to   space 6016K,   0% used [0x00000000a5360000, 0x00000000a5360000, 0x00000000a5940000)
 tenured generation   total 120944K, used 109985K [0x00000000c1800000, 0x00000000c8e1c000, 0x0000000100000000)
   the space 120944K,  90% used [0x00000000c1800000, 0x00000000c8368620, 0x00000000c8368800, 0x00000000c8e1c000)
 Metaspace       used 60593K, capacity 62070K, committed 62256K, reserved 1103872K
  class space    used 7834K, capacity 8161K, committed 8240K, reserved 1048576K
}
Event: 270.634 GC heap before
{Heap before GC invocations=450 (full 5):
 def new generation   total 54528K, used 51797K [0x00000000a2400000, 0x00000000a5f20000, 0x00000000c1800000)
  eden space 48512K, 100% used [0x00000000a2400000, 0x00000000a5360000, 0x00000000a5360000)
  from space 6016K,  54% used [0x00000000a5940000, 0x00000000a5c75568, 0x00000000a5f20000)
  to   space 6016K,   0% used [0x00000000a5360000, 0x00000000a5360000, 0x00000000a5940000)
 tenured generation   total 120944K, used 109985K [0x00000000c1800000, 0x00000000c8e1c000, 0x0000000100000000)
   the space 120944K,  90% used [0x00000000c1800000, 0x00000000c8368620, 0x00000000c8368800, 0x00000000c8e1c000)
 Metaspace       used 60626K, capacity 62070K, committed 62256K, reserved 1103872K
  class space    used 7834K, capacity 8161K, committed 8240K, reserved 1048576K
Event: 270.647 GC heap after
Heap after GC invocations=451 (full 5):
 def new generation   total 54528K, used 3885K [0x00000000a2400000, 0x00000000a5f20000, 0x00000000c1800000)
  eden space 48512K,   0% used [0x00000000a2400000, 0x00000000a2400000, 0x00000000a5360000)
  from space 6016K,  64% used [0x00000000a5360000, 0x00000000a572b770, 0x00000000a5940000)
  to   space 6016K,   0% used [0x00000000a5940000, 0x00000000a5940000, 0x00000000a5f20000)
 tenured generation   total 120944K, used 110191K [0x00000000c1800000, 0x00000000c8e1c000, 0x0000000100000000)
   the space 120944K,  91% used [0x00000000c1800000, 0x00000000c839bdd8, 0x00000000c839be00, 0x00000000c8e1c000)
 Metaspace       used 60626K, capacity 62070K, committed 62256K, reserved 1103872K
  class space    used 7834K, capacity 8161K, committed 8240K, reserved 1048576K
}

